pipe-viewer-0.5.3/
pipe-viewer-0.5.3/.github/
pipe-viewer-0.5.3/.github/FUNDING.yml
pipe-viewer-0.5.3/.gitignore
pipe-viewer-0.5.3/Build.PL
pipe-viewer-0.5.3/Changes
pipe-viewer-0.5.3/LICENSE
pipe-viewer-0.5.3/MANIFEST
pipe-viewer-0.5.3/MANIFEST.SKIP
pipe-viewer-0.5.3/Makefile.PL
pipe-viewer-0.5.3/README.md
pipe-viewer-0.5.3/bin/
pipe-viewer-0.5.3/bin/gtk-pipe-viewer
pipe-viewer-0.5.3/bin/pipe-viewer
pipe-viewer-0.5.3/lib/
pipe-viewer-0.5.3/lib/WWW/
pipe-viewer-0.5.3/lib/WWW/PipeViewer.pm
pipe-viewer-0.5.3/lib/WWW/PipeViewer/
pipe-viewer-0.5.3/lib/WWW/PipeViewer/Channels.pm
pipe-viewer-0.5.3/lib/WWW/PipeViewer/CommentThreads.pm
pipe-viewer-0.5.3/lib/WWW/PipeViewer/DiskCache.pm
pipe-viewer-0.5.3/lib/WWW/PipeViewer/GetCaption.pm
pipe-viewer-0.5.3/lib/WWW/PipeViewer/InitialData.pm
pipe-viewer-0.5.3/lib/WWW/PipeViewer/Itags.pm
pipe-viewer-0.5.3/lib/WWW/PipeViewer/ParseJSON.pm
pipe-viewer-0.5.3/lib/WWW/PipeViewer/ParseXML.pm
pipe-viewer-0.5.3/lib/WWW/PipeViewer/PlaylistItems.pm
pipe-viewer-0.5.3/lib/WWW/PipeViewer/Playlists.pm
pipe-viewer-0.5.3/lib/WWW/PipeViewer/Proto.pm
pipe-viewer-0.5.3/lib/WWW/PipeViewer/RegularExpressions.pm
pipe-viewer-0.5.3/lib/WWW/PipeViewer/Search.pm
pipe-viewer-0.5.3/lib/WWW/PipeViewer/Utils.pm
pipe-viewer-0.5.3/lib/WWW/PipeViewer/VideoCategories.pm
pipe-viewer-0.5.3/lib/WWW/PipeViewer/Videos.pm
pipe-viewer-0.5.3/lib/WWW/PipeViewer/Worker.pm
pipe-viewer-0.5.3/share/
pipe-viewer-0.5.3/share/gtk-pipe-viewer.desktop
pipe-viewer-0.5.3/share/gtk-pipe-viewer.glade
pipe-viewer-0.5.3/share/icons/
pipe-viewer-0.5.3/share/icons/default_thumb.jpg
pipe-viewer-0.5.3/share/icons/feed.png
pipe-viewer-0.5.3/share/icons/feed_gray.png
pipe-viewer-0.5.3/share/icons/gtk-pipe-viewer.png
pipe-viewer-0.5.3/share/icons/left_arrow.png
pipe-viewer-0.5.3/share/icons/right_arrow.png
pipe-viewer-0.5.3/share/icons/spinner.gif
pipe-viewer-0.5.3/share/icons/user.png
pipe-viewer-0.5.3/t/
pipe-viewer-0.5.3/t/00-load.t
pipe-viewer-0.5.3/t/kwalitee.t
pipe-viewer-0.5.3/t/pod.t
pipe-viewer-0.5.3/utils/
pipe-viewer-0.5.3/utils/auto_perltidy.sh
pipe-viewer-0.5.3/utils/bak_cleaner.sh
=== GTK=auto  BUILD_GTK=no  GTKOPT=
patching file bin/gtk-pipe-viewer
patching file bin/pipe-viewer
WARNING: the following files are missing in your kit:
	META.json
	META.yml
Please inform the author.

Checking prerequisites...
  recommends:
    *  Parallel::ForkManager is not installed
    *  Text::Unidecode is not installed

ERRORS/WARNINGS FOUND IN PREREQUISITES.  You may wish to install the versions
of the modules indicated above before proceeding with this installation

Run 'Build installdeps' to install missing prerequisites.

Created MYMETA.yml and MYMETA.json
Creating new 'Build' script for 'WWW-PipeViewer' version 'v0.5.3'
Building WWW-PipeViewer
# Testing WWW::PipeViewer 0.5.3, Perl 5.034000, /usr/bin/perl5.34.0
t/00-load.t ... ok
t/kwalitee.t .. skipped: these tests are for release candidate testing
t/pod.t ....... skipped: Test::Pod 1.22 required for testing POD
All tests successful.
Files=3, Tests=1,  0 wallclock secs ( 0.02 usr  0.01 sys +  0.17 cusr  0.07 csys =  0.27 CPU)
Result: PASS
Building WWW-PipeViewer
Installing /repo/x86_64/slint-15.0/source/pipe-viewer/package-pipe-viewer/usr/share/man/man1/pipe-viewer.1
Installing /repo/x86_64/slint-15.0/source/pipe-viewer/package-pipe-viewer/usr/share/perl5/vendor_perl/WWW/PipeViewer.pm
Installing /repo/x86_64/slint-15.0/source/pipe-viewer/package-pipe-viewer/usr/share/perl5/vendor_perl/WWW/PipeViewer/Channels.pm
Installing /repo/x86_64/slint-15.0/source/pipe-viewer/package-pipe-viewer/usr/share/perl5/vendor_perl/WWW/PipeViewer/CommentThreads.pm
Installing /repo/x86_64/slint-15.0/source/pipe-viewer/package-pipe-viewer/usr/share/perl5/vendor_perl/WWW/PipeViewer/DiskCache.pm
Installing /repo/x86_64/slint-15.0/source/pipe-viewer/package-pipe-viewer/usr/share/perl5/vendor_perl/WWW/PipeViewer/GetCaption.pm
Installing /repo/x86_64/slint-15.0/source/pipe-viewer/package-pipe-viewer/usr/share/perl5/vendor_perl/WWW/PipeViewer/InitialData.pm
Installing /repo/x86_64/slint-15.0/source/pipe-viewer/package-pipe-viewer/usr/share/perl5/vendor_perl/WWW/PipeViewer/Itags.pm
Installing /repo/x86_64/slint-15.0/source/pipe-viewer/package-pipe-viewer/usr/share/perl5/vendor_perl/WWW/PipeViewer/ParseJSON.pm
Installing /repo/x86_64/slint-15.0/source/pipe-viewer/package-pipe-viewer/usr/share/perl5/vendor_perl/WWW/PipeViewer/ParseXML.pm
Installing /repo/x86_64/slint-15.0/source/pipe-viewer/package-pipe-viewer/usr/share/perl5/vendor_perl/WWW/PipeViewer/PlaylistItems.pm
Installing /repo/x86_64/slint-15.0/source/pipe-viewer/package-pipe-viewer/usr/share/perl5/vendor_perl/WWW/PipeViewer/Playlists.pm
Installing /repo/x86_64/slint-15.0/source/pipe-viewer/package-pipe-viewer/usr/share/perl5/vendor_perl/WWW/PipeViewer/Proto.pm
Installing /repo/x86_64/slint-15.0/source/pipe-viewer/package-pipe-viewer/usr/share/perl5/vendor_perl/WWW/PipeViewer/RegularExpressions.pm
Installing /repo/x86_64/slint-15.0/source/pipe-viewer/package-pipe-viewer/usr/share/perl5/vendor_perl/WWW/PipeViewer/Search.pm
Installing /repo/x86_64/slint-15.0/source/pipe-viewer/package-pipe-viewer/usr/share/perl5/vendor_perl/WWW/PipeViewer/Utils.pm
Installing /repo/x86_64/slint-15.0/source/pipe-viewer/package-pipe-viewer/usr/share/perl5/vendor_perl/WWW/PipeViewer/VideoCategories.pm
Installing /repo/x86_64/slint-15.0/source/pipe-viewer/package-pipe-viewer/usr/share/perl5/vendor_perl/WWW/PipeViewer/Videos.pm
Installing /repo/x86_64/slint-15.0/source/pipe-viewer/package-pipe-viewer/usr/share/perl5/vendor_perl/WWW/PipeViewer/Worker.pm
Installing /repo/x86_64/slint-15.0/source/pipe-viewer/package-pipe-viewer/usr/share/man/man3/WWW::PipeViewer.3
Installing /repo/x86_64/slint-15.0/source/pipe-viewer/package-pipe-viewer/usr/share/man/man3/WWW::PipeViewer::Channels.3
Installing /repo/x86_64/slint-15.0/source/pipe-viewer/package-pipe-viewer/usr/share/man/man3/WWW::PipeViewer::CommentThreads.3
Installing /repo/x86_64/slint-15.0/source/pipe-viewer/package-pipe-viewer/usr/share/man/man3/WWW::PipeViewer::GetCaption.3
Installing /repo/x86_64/slint-15.0/source/pipe-viewer/package-pipe-viewer/usr/share/man/man3/WWW::PipeViewer::InitialData.3
Installing /repo/x86_64/slint-15.0/source/pipe-viewer/package-pipe-viewer/usr/share/man/man3/WWW::PipeViewer::Itags.3
Installing /repo/x86_64/slint-15.0/source/pipe-viewer/package-pipe-viewer/usr/share/man/man3/WWW::PipeViewer::ParseJSON.3
Installing /repo/x86_64/slint-15.0/source/pipe-viewer/package-pipe-viewer/usr/share/man/man3/WWW::PipeViewer::ParseXML.3
Installing /repo/x86_64/slint-15.0/source/pipe-viewer/package-pipe-viewer/usr/share/man/man3/WWW::PipeViewer::PlaylistItems.3
Installing /repo/x86_64/slint-15.0/source/pipe-viewer/package-pipe-viewer/usr/share/man/man3/WWW::PipeViewer::Playlists.3
Installing /repo/x86_64/slint-15.0/source/pipe-viewer/package-pipe-viewer/usr/share/man/man3/WWW::PipeViewer::RegularExpressions.3
Installing /repo/x86_64/slint-15.0/source/pipe-viewer/package-pipe-viewer/usr/share/man/man3/WWW::PipeViewer::Search.3
Installing /repo/x86_64/slint-15.0/source/pipe-viewer/package-pipe-viewer/usr/share/man/man3/WWW::PipeViewer::Utils.3
Installing /repo/x86_64/slint-15.0/source/pipe-viewer/package-pipe-viewer/usr/share/man/man3/WWW::PipeViewer::VideoCategories.3
Installing /repo/x86_64/slint-15.0/source/pipe-viewer/package-pipe-viewer/usr/share/man/man3/WWW::PipeViewer::Videos.3
Installing /repo/x86_64/slint-15.0/source/pipe-viewer/package-pipe-viewer/usr/bin/pipe-viewer

Slackware package maker, version 3.14159265.

Searching for symbolic links:

No symbolic links were found, so we won't make an installation script.
You can make your own later in ./install/doinst.sh and rebuild the
package if you like.

This next step is optional - you can set the directories in your package
to some sane permissions. If any of the directories in your package have
special permissions, then DO NOT reset them here!

Would you like to reset all directory permissions to 755 (drwxr-xr-x) and
directory ownerships to root.root ([y]es, [n]o)? 
n

Creating Slackware package:  /repo/x86_64/slint-15.0/source/pipe-viewer/pipe-viewer-0.5.3-noarch-2slint.txz

./
install/
install/slack-desc
usr/
usr/bin/
usr/bin/pipe-viewer
usr/doc/
usr/doc/pipe-viewer-0.5.3/
usr/doc/pipe-viewer-0.5.3/Changes
usr/doc/pipe-viewer-0.5.3/LICENSE
usr/doc/pipe-viewer-0.5.3/README.Slint
usr/doc/pipe-viewer-0.5.3/README.md
usr/doc/pipe-viewer-0.5.3/pipe-viewer.SlackBuild
usr/man/
usr/man/man1/
usr/man/man1/pipe-viewer.1.gz
usr/man/man3/
usr/man/man3/WWW::PipeViewer.3.gz
usr/man/man3/WWW::PipeViewer::Channels.3.gz
usr/man/man3/WWW::PipeViewer::CommentThreads.3.gz
usr/man/man3/WWW::PipeViewer::GetCaption.3.gz
usr/man/man3/WWW::PipeViewer::InitialData.3.gz
usr/man/man3/WWW::PipeViewer::Itags.3.gz
usr/man/man3/WWW::PipeViewer::ParseJSON.3.gz
usr/man/man3/WWW::PipeViewer::ParseXML.3.gz
usr/man/man3/WWW::PipeViewer::PlaylistItems.3.gz
usr/man/man3/WWW::PipeViewer::Playlists.3.gz
usr/man/man3/WWW::PipeViewer::RegularExpressions.3.gz
usr/man/man3/WWW::PipeViewer::Search.3.gz
usr/man/man3/WWW::PipeViewer::Utils.3.gz
usr/man/man3/WWW::PipeViewer::VideoCategories.3.gz
usr/man/man3/WWW::PipeViewer::Videos.3.gz
usr/share/
usr/share/perl5/
usr/share/perl5/vendor_perl/
usr/share/perl5/vendor_perl/WWW/
usr/share/perl5/vendor_perl/WWW/PipeViewer/
usr/share/perl5/vendor_perl/WWW/PipeViewer.pm
usr/share/perl5/vendor_perl/WWW/PipeViewer/Channels.pm
usr/share/perl5/vendor_perl/WWW/PipeViewer/CommentThreads.pm
usr/share/perl5/vendor_perl/WWW/PipeViewer/DiskCache.pm
usr/share/perl5/vendor_perl/WWW/PipeViewer/GetCaption.pm
usr/share/perl5/vendor_perl/WWW/PipeViewer/InitialData.pm
usr/share/perl5/vendor_perl/WWW/PipeViewer/Itags.pm
usr/share/perl5/vendor_perl/WWW/PipeViewer/ParseJSON.pm
usr/share/perl5/vendor_perl/WWW/PipeViewer/ParseXML.pm
usr/share/perl5/vendor_perl/WWW/PipeViewer/PlaylistItems.pm
usr/share/perl5/vendor_perl/WWW/PipeViewer/Playlists.pm
usr/share/perl5/vendor_perl/WWW/PipeViewer/Proto.pm
usr/share/perl5/vendor_perl/WWW/PipeViewer/RegularExpressions.pm
usr/share/perl5/vendor_perl/WWW/PipeViewer/Search.pm
usr/share/perl5/vendor_perl/WWW/PipeViewer/Utils.pm
usr/share/perl5/vendor_perl/WWW/PipeViewer/VideoCategories.pm
usr/share/perl5/vendor_perl/WWW/PipeViewer/Videos.pm
usr/share/perl5/vendor_perl/WWW/PipeViewer/Worker.pm

Slackware package /repo/x86_64/slint-15.0/source/pipe-viewer/pipe-viewer-0.5.3-noarch-2slint.txz created.
