Hmm...  Looks like a unified diff to me...
The text leading up to this was:
--------------------------
|From c305798d42131e4231631547a42ac85e0d3b0f52 Mon Sep 17 00:00:00 2001
|From: Orestis Floros <orestisflo@gmail.com>
|Date: Fri, 6 Jan 2023 22:24:08 +0100
|Subject: [PATCH] Do not canonicalize "nonprimary" output for i3bar
|
|Fixes #5346
|---
| src/ipc.c                              |  2 +-
| testcases/t/538-i3bar-primary-output.t | 29 +++++++++++++++++++++++++-
| 2 files changed, 29 insertions(+), 2 deletions(-)
|
|diff --git a/src/ipc.c b/src/ipc.c
|index f69ba2ae9d..28a86092fe 100644
|--- a/src/ipc.c
|+++ b/src/ipc.c
--------------------------
patching file src/ipc.c
Using Plan A...
Hunk #1 succeeded at 739.
Hmm...  The next patch looks like a unified diff to me...
The text leading up to this was:
--------------------------
|diff --git a/testcases/t/538-i3bar-primary-output.t b/testcases/t/538-i3bar-primary-output.t
|index 249d57779c..d5581dd81c 100644
|--- a/testcases/t/538-i3bar-primary-output.t
|+++ b/testcases/t/538-i3bar-primary-output.t
--------------------------
patching file testcases/t/538-i3bar-primary-output.t
Using Plan A...
Hunk #1 succeeded at 17.
Hunk #2 succeeded at 30.
Hunk #3 succeeded at 39.
done
Hmm...  Looks like a unified diff to me...
The text leading up to this was:
--------------------------
|This patch avoids to falsely pretend that we provide i3_with_shmlog in Slint.
|diff -ru i3-4.22/meson.build i3-4.22.new/meson.build
|--- i3-4.22/meson.build	2023-01-02 09:39:00.000000000 +0100
|+++ i3-4.22.new/meson.build	2023-04-06 13:46:13.298295849 +0200
--------------------------
patching file meson.build
Using Plan A...
Hunk #1 succeeded at 495.
done
The Meson build system
Version: 1.0.1
Source dir: /home/didier/Téléchargements/i3/i3-4.22
Build dir: /home/didier/Téléchargements/i3/i3-4.22/build
Build type: native build
Project name: i3
Project version: 4.22
C compiler for the host machine: ccache cc (gcc 11.2.0 "cc (GCC) 11.2.0")
C linker for the host machine: cc ld.bfd 2.37-slack15
Host machine cpu family: x86_64
Host machine cpu: x86_64
Compiler for C supports arguments -Wunused-value: YES 
Checking for function "strndup" : YES 
Checking for function "mkdirp" : NO 
Configuring config.h.in using configuration
Program asciidoc found: YES (/usr/bin/asciidoc)
Program asciidoc found: YES (/usr/bin/asciidoc)
Configuring asciidoc.conf using configuration
Program xmlto found: YES (/usr/bin/xmlto)
Program pod2man found: YES (/usr/bin/pod2man)
Library m found: YES
Library rt found: YES
Library iconv found: NO
Found pkg-config: /usr/bin/pkg-config (0.29.2)
Run-time dependency libstartup-notification-1.0 found: YES 0.12
Run-time dependency xcb found: YES 1.14
Run-time dependency xcb-xkb found: YES 1.14
Run-time dependency xcb-xinerama found: YES 1.14
Run-time dependency xcb-randr found: YES 1.14
Run-time dependency xcb-shape found: YES 1.14
Run-time dependency xcb-util found: YES 0.4.0
Run-time dependency xcb-cursor found: YES 0.1.5
Run-time dependency xcb-keysyms found: YES 0.4.0
Run-time dependency xcb-icccm found: YES 0.4.1
Run-time dependency xcb-xrm found: YES 1.3
Run-time dependency xkbcommon found: YES 1.5.0
Run-time dependency xkbcommon-x11 found: YES 1.5.0
Run-time dependency yajl found: YES 2.1.0
Run-time dependency libpcre2-8 found: YES 10.39
Run-time dependency cairo found: YES 1.16.0
Run-time dependency pangocairo found: YES 1.48.11
Run-time dependency glib-2.0 found: YES 2.70.3
Run-time dependency gobject-2.0 found: YES 2.70.3
Library ev found: YES
Program perl found: YES (/usr/bin/perl)
Program generate-command-parser.pl found: YES (/home/didier/Téléchargements/i3/i3-4.22/generate-command-parser.pl)
Run-time dependency threads found: YES
Program bash found: YES (/usr/bin/bash)
Program docs/i3-pod2html found: YES (/home/didier/Téléchargements/i3/i3-4.22/docs/i3-pod2html)
Build targets in project: 52

i3 4.22

    build docs (-Ddocs)    : True
    build manpages (-Dmans): True

  User defined options
    libdir                 : /usr/lib64
    localstatedir          : /var
    mandir                 : /usr/man
    prefix                 : /usr
    sysconfdir             : /etc
    docs                   : true
    mans                   : true

Found ninja-1.10.2 at /usr/bin/ninja
Generating targets:   0%|                                                    | 0/52 [00:00<?, ?it/s]                                                                                                    Writing build.ninja:   0%|                                                  | 0/177 [00:00<?, ?it/s]                                                                                                    WARNING: Running the setup command as `meson [options]` instead of `meson setup [options]` is ambiguous and deprecated.
[1/143] Generating config.h with a custom command
[2/143] Generating docs_hacking_howto_asciidoc with a custom command
[3/143] Generating docs_ipc_asciidoc with a custom command
[4/143] Generating docs_userguide_asciidoc with a custom command
[5/143] Generating docs_multi_monitor_asciidoc with a custom command
[6/143] Generating docs_wsbar_asciidoc with a custom command
[7/143] Generating docs_testsuite_asciidoc with a custom command
[8/143] Generating docs_i3bar_protocol_asciidoc with a custom command
[9/143] Generating docs_layout_saving_asciidoc with a custom command
[10/143] Generating docs_debugging_asciidoc with a custom command
[11/143] Generating man_i3bar_man_asciidoc with a custom command
[12/143] Generating man_i3_man_asciidoc with a custom command
[13/143] Generating man_i3bar_man_xmlto with a custom command
Note: Writing i3bar.1
[14/143] Generating man_i3_man_xmlto with a custom command
Note: Writing i3.1
[15/143] Generating man_i3_msg_man_asciidoc with a custom command
[16/143] Generating man_i3_input_man_asciidoc with a custom command
[17/143] Generating man_i3_msg_man_xmlto with a custom command
Note: Writing i3-msg.1
[18/143] Generating man_i3_input_man_xmlto with a custom command
Note: Writing i3-input.1
[19/143] Generating man_i3_nagbar_man_asciidoc with a custom command
[20/143] Generating man_i3_config_wizard_man_asciidoc with a custom command
[21/143] Generating man_i3_nagbar_man_xmlto with a custom command
Note: Writing i3-nagbar.1
[22/143] Generating man_i3_config_wizard_man_xmlto with a custom command
Note: Writing i3-config-wizard.1
[23/143] Generating man_i3_migrate_config_to_v4_man_asciidoc with a custom command
[24/143] Generating man_i3_sensible_editor_man_asciidoc with a custom command
[25/143] Generating man_i3_migrate_config_to_v4_man_xmlto with a custom command
Note: Writing i3-migrate-config-to-v4.1
[26/143] Generating man_i3_sensible_editor_man_xmlto with a custom command
Note: Writing i3-sensible-editor.1
[27/143] Generating man_i3_sensible_pager_man_asciidoc with a custom command
[28/143] Generating man_i3_sensible_terminal_man_asciidoc with a custom command
[29/143] Generating man_i3_sensible_pager_man_xmlto with a custom command
Note: Writing i3-sensible-pager.1
[30/143] Generating man_i3_sensible_terminal_man_xmlto with a custom command
Note: Writing i3-sensible-terminal.1
[31/143] Generating i3_dmenu_desktop_pod2man with a custom command
[32/143] Generating i3_save_tree_pod2man with a custom command
[33/143] Generating man_i3_dump_log_man_asciidoc with a custom command
[34/143] Generating man_i3_dump_log_man_xmlto with a custom command
Note: Writing i3-dump-log.1
[35/143] Compiling C object libi3.a.p/libi3_boolstr.c.o
[36/143] Compiling C object libi3.a.p/libi3_create_socket.c.o
[37/143] Compiling C object libi3.a.p/libi3_dpi.c.o
[38/143] Compiling C object libi3.a.p/libi3_draw_util.c.o
[39/143] Compiling C object libi3.a.p/libi3_fake_configure_notify.c.o
[40/143] Compiling C object libi3.a.p/libi3_font.c.o
[41/143] Compiling C object libi3.a.p/libi3_format_placeholders.c.o
[42/143] Compiling C object libi3.a.p/libi3_get_colorpixel.c.o
[43/143] Compiling C object libi3.a.p/libi3_get_config_path.c.o
[44/143] Compiling C object libi3.a.p/libi3_get_exe_path.c.o
[45/143] Compiling C object libi3.a.p/libi3_get_mod_mask.c.o
[46/143] Compiling C object libi3.a.p/libi3_get_process_filename.c.o
[47/143] Compiling C object libi3.a.p/libi3_get_visualtype.c.o
[48/143] Compiling C object libi3.a.p/libi3_g_utf8_make_valid.c.o
[49/143] Compiling C object libi3.a.p/libi3_ipc_connect.c.o
[50/143] Compiling C object libi3.a.p/libi3_ipc_recv_message.c.o
[51/143] Compiling C object libi3.a.p/libi3_ipc_send_message.c.o
[52/143] Compiling C object libi3.a.p/libi3_is_debug_build.c.o
[53/143] Compiling C object libi3.a.p/libi3_path_exists.c.o
[54/143] Compiling C object libi3.a.p/libi3_resolve_tilde.c.o
[55/143] Compiling C object libi3.a.p/libi3_root_atom_contents.c.o
[56/143] Compiling C object libi3.a.p/libi3_safewrappers.c.o
[57/143] Compiling C object libi3.a.p/libi3_string.c.o
[58/143] Compiling C object libi3.a.p/libi3_ucs2_conversion.c.o
[59/143] Compiling C object libi3.a.p/libi3_nonblock.c.o
[60/143] Compiling C object libi3.a.p/libi3_screenshot_wallpaper.c.o
[61/143] Compiling C object libi3.a.p/libi3_is_background_set.c.o
[62/143] Compiling C object libi3.a.p/libi3_mkdirp.c.o
[63/143] Linking static target libi3.a
[64/143] Generating config_parser with a custom command
[65/143] Generating command_parser with a custom command
[66/143] Compiling C object i3bar.p/i3bar_src_workspaces.c.o
[67/143] Compiling C object i3.p/src_assignments.c.o
[68/143] Compiling C object i3bar.p/i3bar_src_xcb.c.o
[69/143] Compiling C object i3.p/src_click.c.o
../src/click.c: Dans la fonction « tiling_resize_for_border »:
../src/click.c:44:16: attention: « search_direction » pourrait être utilisé sans être initialisé dans cette fonction [-Wmaybe-uninitialized]
   44 |     bool res = resize_find_tiling_participants(&first, &second, search_direction, false);
      |                ^~~~~~~~~~~~~~~~~~~~~~~~~~~~~~~~~~~~~~~~~~~~~~~~~~~~~~~~~~~~~~~~~~~~~~~~~
[70/143] Compiling C object i3.p/src_bindings.c.o
[71/143] Compiling C object i3.p/src_commands_parser.c.o
[72/143] Compiling C object i3.p/src_commands.c.o
../src/commands.c: Dans la fonction « cmd_focus_direction »:
../src/commands.c:1350:9: attention: « direction » pourrait être utilisé sans être initialisé dans cette fonction [-Wmaybe-uninitialized]
 1350 |         tree_next(current->con, direction);
      |         ^~~~~~~~~~~~~~~~~~~~~~~~~~~~~~~~~~
[73/143] Compiling C object i3.p/src_con.c.o
[74/143] Compiling C object i3.p/src_config.c.o
[75/143] Compiling C object i3.p/src_config_directives.c.o
[76/143] Compiling C object i3.p/src_display_version.c.o
[77/143] Compiling C object i3.p/src_drag.c.o
[78/143] Compiling C object i3.p/src_config_parser.c.o
../src/config_parser.c: Dans la fonction « parse_file »:
../src/config_parser.c:922:9: attention: la limite spécifiée par « strncpy » dépend de la longueur de l'argument source [-Wstringop-truncation]
  922 |         strncpy(buf + strlen(buf), buffer, strlen(buffer) + 1);
      |         ^~~~~~~~~~~~~~~~~~~~~~~~~~~~~~~~~~~~~~~~~~~~~~~~~~~~~~
../src/config_parser.c:922:44: note: longueur calculée ici
  922 |         strncpy(buf + strlen(buf), buffer, strlen(buffer) + 1);
      |                                            ^~~~~~~~~~~~~~
../src/config_parser.c:922:9: attention: la limite spécifiée par « strncpy » dépend de la longueur de l'argument source [-Wstringop-truncation]
  922 |         strncpy(buf + strlen(buf), buffer, strlen(buffer) + 1);
      |         ^~~~~~~~~~~~~~~~~~~~~~~~~~~~~~~~~~~~~~~~~~~~~~~~~~~~~~
../src/config_parser.c:922:44: note: longueur calculée ici
  922 |         strncpy(buf + strlen(buf), buffer, strlen(buffer) + 1);
      |                                            ^~~~~~~~~~~~~~
../src/config_parser.c:1046:13: attention: la limite spécifiée par « strncpy » dépend de la longueur de l'argument source [-Wstringop-truncation]
 1046 |             strncpy(destwalk + distance, nearest->value, strlen(nearest->value));
      |             ^~~~~~~~~~~~~~~~~~~~~~~~~~~~~~~~~~~~~~~~~~~~~~~~~~~~~~~~~~~~~~~~~~~~
[79/143] Compiling C object i3.p/src_fake_outputs.c.o
[80/143] Compiling C object i3.p/src_ewmh.c.o
[81/143] Compiling C object i3.p/src_gaps.c.o
[82/143] Compiling C object i3.p/src_floating.c.o
[83/143] Compiling C object i3.p/src_handlers.c.o
[84/143] Compiling C object i3.p/src_ipc.c.o
[85/143] Compiling C object i3.p/src_key_press.c.o
[86/143] Compiling C object i3.p/src_load_layout.c.o
[87/143] Compiling C object i3.p/src_log.c.o
[88/143] Compiling C object i3.p/src_manage.c.o
[89/143] Compiling C object i3.p/src_main.c.o
[90/143] Compiling C object i3.p/src_match.c.o
[91/143] Compiling C object i3.p/src_move.c.o
[92/143] Compiling C object i3.p/src_output.c.o
[93/143] Compiling C object i3.p/src_regex.c.o
[94/143] Compiling C object i3.p/src_randr.c.o
[95/143] Compiling C object i3.p/src_render.c.o
[96/143] Compiling C object i3.p/src_resize.c.o
[97/143] Compiling C object i3.p/src_scratchpad.c.o
[98/143] Compiling C object i3.p/src_restore_layout.c.o
[99/143] Compiling C object i3.p/src_sighandler.c.o
[100/143] Compiling C object i3.p/src_sd-daemon.c.o
../src/sd-daemon.c: Dans la fonction « sd_notify »:
../src/sd-daemon.c:350:5: attention: la limite spécifiée par « strncpy » (108) est égale à la taille de la destination [-Wstringop-truncation]
  350 |     strncpy(sockaddr.un.sun_path, e, sizeof(sockaddr.un.sun_path));
      |     ^~~~~~~~~~~~~~~~~~~~~~~~~~~~~~~~~~~~~~~~~~~~~~~~~~~~~~~~~~~~~~
[101/143] Compiling C object i3.p/src_sync.c.o
[102/143] Compiling C object i3.p/src_startup.c.o
[103/143] Compiling C object i3.p/src_tiling_drag.c.o
[104/143] Compiling C object i3.p/src_tree.c.o
[105/143] Compiling C object i3.p/src_version.c.o
[106/143] Compiling C object i3.p/src_util.c.o
[107/143] Compiling C object i3.p/src_window.c.o
[108/143] Compiling C object i3.p/src_workspace.c.o
[109/143] Compiling C object i3.p/src_xcb.c.o
[110/143] Compiling C object i3.p/src_x.c.o
../src/x.c: Dans la fonction « x_draw_decoration »:
../src/x.c:738:37: attention: « title_offset_x » pourrait être utilisé sans être initialisé dans cette fonction [-Wmaybe-uninitialized]
  738 |                    con->deco_rect.x + title_offset_x,
      |                    ~~~~~~~~~~~~~~~~~^~~~~~~~~~~~~~~~
../src/x.c:745:30: attention: « icon_offset_x » pourrait être utilisé sans être initialisé dans cette fonction [-Wmaybe-uninitialized]
  745 |             con->deco_rect.x + icon_offset_x,
      |             ~~~~~~~~~~~~~~~~~^~~~~~~~~~~~~~~
[111/143] Compiling C object i3.p/src_xcursor.c.o
[112/143] Compiling C object i3.p/src_xinerama.c.o
[113/143] Compiling C object i3bar.p/i3bar_src_parse_json_header.c.o
[114/143] Compiling C object i3bar.p/i3bar_src_child.c.o
[115/143] Compiling C object i3bar.p/i3bar_src_config.c.o
[116/143] Linking target i3
[117/143] Compiling C object i3bar.p/i3bar_src_main.c.o
[118/143] Compiling C object i3bar.p/i3bar_src_ipc.c.o
../i3bar/src/ipc.c: Dans la fonction « i3_send_msg »:
../i3bar/src/ipc.c:344:9: attention: la sortie de « strncpy » a été tronquée avant le zéro final en copiant autant d'octets depuis la chaîne que sa longueur [-Wstringop-truncation]
  344 |         strncpy(walk, payload, len);
      |         ^~~~~~~~~~~~~~~~~~~~~~~~~~~
../i3bar/src/ipc.c:325:15: note: longueur calculée ici
  325 |         len = strlen(payload);
      |               ^~~~~~~~~~~~~~~
[119/143] Compiling C object i3bar.p/i3bar_src_mode.c.o
[120/143] Compiling C object i3bar.p/i3bar_src_outputs.c.o
[121/143] Linking target i3bar
[122/143] Compiling C object i3-dump-log.p/i3-dump-log_main.c.o
[123/143] Linking target i3-dump-log
[124/143] Compiling C object i3-config-wizard.p/i3-config-wizard_main.c.o
[125/143] Compiling C object i3-input.p/i3-input_keysym2ucs.c.o
[126/143] Linking target i3-config-wizard
[127/143] Compiling C object i3-input.p/i3-input_main.c.o
[128/143] Linking target i3-input
[129/143] Compiling C object i3-msg.p/i3-msg_main.c.o
[130/143] Linking target i3-msg
[131/143] Compiling C object i3-nagbar.p/i3-nagbar_main.c.o
[132/143] Linking target i3-nagbar
[133/143] Generating complete-run with a custom command
[134/143] Generating i3test-pm with a custom command
[135/143] Generating anyevent-i3 with a custom command
Checking if your kit is complete...
Looks good
Generating a Unix-style Makefile
Writing Makefile for AnyEvent::I3
Writing MYMETA.yml and MYMETA.json
cp lib/AnyEvent/I3.pm blib/lib/AnyEvent/I3.pm
Manifying 1 pod document
[136/143] Generating lib-i3test.html with a custom command
[137/143] Generating lib-i3test-test.html with a custom command
[138/143] Compiling C object test.inject_randr15.p/testcases_inject_randr1.5.c.o
[139/143] Linking target test.inject_randr15
[140/143] Compiling C object test.commands_parser.p/src_commands_parser.c.o
[141/143] Linking target test.commands_parser
[142/143] Compiling C object test.config_parser.p/src_config_parser.c.o
[143/143] Linking target test.config_parser
[1/102] Generating config.h with a custom command
[1/2] Installing files.
Installing subdir /home/didier/Téléchargements/i3/i3-4.22/etc to /home/didier/Téléchargements/i3/package-i3/etc/i3
Installing /home/didier/Téléchargements/i3/i3-4.22/etc/config to /home/didier/Téléchargements/i3/package-i3/etc/i3
Installing /home/didier/Téléchargements/i3/i3-4.22/etc/config.keycodes to /home/didier/Téléchargements/i3/package-i3/etc/i3
Installing subdir /home/didier/Téléchargements/i3/i3-4.22/share to /home/didier/Téléchargements/i3/package-i3/usr/share
Installing /home/didier/Téléchargements/i3/i3-4.22/share/applications/i3.desktop to /home/didier/Téléchargements/i3/package-i3/usr/share/applications
Installing /home/didier/Téléchargements/i3/i3-4.22/share/xsessions/i3-with-shmlog.desktop to /home/didier/Téléchargements/i3/package-i3/usr/share/xsessions
Installing /home/didier/Téléchargements/i3/i3-4.22/share/xsessions/i3.desktop to /home/didier/Téléchargements/i3/package-i3/usr/share/xsessions
Installing hacking-howto.html to /home/didier/Téléchargements/i3/package-i3/usr/share/doc/i3
Installing userguide.html to /home/didier/Téléchargements/i3/package-i3/usr/share/doc/i3
Installing ipc.html to /home/didier/Téléchargements/i3/package-i3/usr/share/doc/i3
Installing multi-monitor.html to /home/didier/Téléchargements/i3/package-i3/usr/share/doc/i3
Installing wsbar.html to /home/didier/Téléchargements/i3/package-i3/usr/share/doc/i3
Installing testsuite.html to /home/didier/Téléchargements/i3/package-i3/usr/share/doc/i3
Installing i3bar-protocol.html to /home/didier/Téléchargements/i3/package-i3/usr/share/doc/i3
Installing layout-saving.html to /home/didier/Téléchargements/i3/package-i3/usr/share/doc/i3
Installing debugging.html to /home/didier/Téléchargements/i3/package-i3/usr/share/doc/i3
Installing i3.1 to /home/didier/Téléchargements/i3/package-i3/usr/man/man1
Installing i3bar.1 to /home/didier/Téléchargements/i3/package-i3/usr/man/man1
Installing i3-msg.1 to /home/didier/Téléchargements/i3/package-i3/usr/man/man1
Installing i3-input.1 to /home/didier/Téléchargements/i3/package-i3/usr/man/man1
Installing i3-nagbar.1 to /home/didier/Téléchargements/i3/package-i3/usr/man/man1
Installing i3-config-wizard.1 to /home/didier/Téléchargements/i3/package-i3/usr/man/man1
Installing i3-migrate-config-to-v4.1 to /home/didier/Téléchargements/i3/package-i3/usr/man/man1
Installing i3-sensible-editor.1 to /home/didier/Téléchargements/i3/package-i3/usr/man/man1
Installing i3-sensible-pager.1 to /home/didier/Téléchargements/i3/package-i3/usr/man/man1
Installing i3-sensible-terminal.1 to /home/didier/Téléchargements/i3/package-i3/usr/man/man1
Installing i3-dump-log.1 to /home/didier/Téléchargements/i3/package-i3/usr/man/man1
Installing i3-dmenu-desktop.1 to /home/didier/Téléchargements/i3/package-i3/usr/man/man1
Installing i3-save-tree.1 to /home/didier/Téléchargements/i3/package-i3/usr/man/man1
Installing i3 to /home/didier/Téléchargements/i3/package-i3/usr/bin
Installing i3bar to /home/didier/Téléchargements/i3/package-i3/usr/bin
Installing i3-config-wizard to /home/didier/Téléchargements/i3/package-i3/usr/bin
Installing i3-dump-log to /home/didier/Téléchargements/i3/package-i3/usr/bin
Installing i3-input to /home/didier/Téléchargements/i3/package-i3/usr/bin
Installing i3-msg to /home/didier/Téléchargements/i3/package-i3/usr/bin
Installing i3-nagbar to /home/didier/Téléchargements/i3/package-i3/usr/bin
Installing lib-i3test.html to /home/didier/Téléchargements/i3/package-i3/usr/share/doc/i3
Installing lib-i3test-test.html to /home/didier/Téléchargements/i3/package-i3/usr/share/doc/i3
Installing /home/didier/Téléchargements/i3/i3-4.22/include/i3/ipc.h to /home/didier/Téléchargements/i3/package-i3/usr/include/i3/
Installing /home/didier/Téléchargements/i3/i3-4.22/docs/bigpicture.png to /home/didier/Téléchargements/i3/package-i3/usr/share/doc/i3
Installing /home/didier/Téléchargements/i3/i3-4.22/docs/single_terminal.png to /home/didier/Téléchargements/i3/package-i3/usr/share/doc/i3
Installing /home/didier/Téléchargements/i3/i3-4.22/docs/snapping.png to /home/didier/Téléchargements/i3/package-i3/usr/share/doc/i3
Installing /home/didier/Téléchargements/i3/i3-4.22/docs/two_columns.png to /home/didier/Téléchargements/i3/package-i3/usr/share/doc/i3
Installing /home/didier/Téléchargements/i3/i3-4.22/docs/two_terminals.png to /home/didier/Téléchargements/i3/package-i3/usr/share/doc/i3
Installing /home/didier/Téléchargements/i3/i3-4.22/docs/modes.png to /home/didier/Téléchargements/i3/package-i3/usr/share/doc/i3
Installing /home/didier/Téléchargements/i3/i3-4.22/docs/wsbar.png to /home/didier/Téléchargements/i3/package-i3/usr/share/doc/i3
Installing /home/didier/Téléchargements/i3/i3-4.22/docs/keyboard-layer1.png to /home/didier/Téléchargements/i3/package-i3/usr/share/doc/i3
Installing /home/didier/Téléchargements/i3/i3-4.22/docs/keyboard-layer2.png to /home/didier/Téléchargements/i3/package-i3/usr/share/doc/i3
Installing /home/didier/Téléchargements/i3/i3-4.22/docs/i3-sync-working.png to /home/didier/Téléchargements/i3/package-i3/usr/share/doc/i3
Installing /home/didier/Téléchargements/i3/i3-4.22/docs/i3-sync.png to /home/didier/Téléchargements/i3/package-i3/usr/share/doc/i3
Installing /home/didier/Téléchargements/i3/i3-4.22/docs/tree-layout1.png to /home/didier/Téléchargements/i3/package-i3/usr/share/doc/i3
Installing /home/didier/Téléchargements/i3/i3-4.22/docs/tree-layout2.png to /home/didier/Téléchargements/i3/package-i3/usr/share/doc/i3
Installing /home/didier/Téléchargements/i3/i3-4.22/docs/tree-shot1.png to /home/didier/Téléchargements/i3/package-i3/usr/share/doc/i3
Installing /home/didier/Téléchargements/i3/i3-4.22/docs/tree-shot2.png to /home/didier/Téléchargements/i3/package-i3/usr/share/doc/i3
Installing /home/didier/Téléchargements/i3/i3-4.22/docs/tree-shot3.png to /home/didier/Téléchargements/i3/package-i3/usr/share/doc/i3
Installing /home/didier/Téléchargements/i3/i3-4.22/docs/tree-shot4.png to /home/didier/Téléchargements/i3/package-i3/usr/share/doc/i3
Installing /home/didier/Téléchargements/i3/i3-4.22/docs/refcard.html to /home/didier/Téléchargements/i3/package-i3/usr/share/doc/i3
Installing /home/didier/Téléchargements/i3/i3-4.22/docs/refcard_style.css to /home/didier/Téléchargements/i3/package-i3/usr/share/doc/i3
Installing /home/didier/Téléchargements/i3/i3-4.22/docs/logo-30.png to /home/didier/Téléchargements/i3/package-i3/usr/share/doc/i3
Installing /home/didier/Téléchargements/i3/i3-4.22/docs/layout-saving-1.png to /home/didier/Téléchargements/i3/package-i3/usr/share/doc/i3
Installing /home/didier/Téléchargements/i3/i3-4.22/docs/gaps1920.png to /home/didier/Téléchargements/i3/package-i3/usr/share/doc/i3
Installing /home/didier/Téléchargements/i3/i3-4.22/i3-dmenu-desktop to /home/didier/Téléchargements/i3/package-i3/usr/bin
Installing /home/didier/Téléchargements/i3/i3-4.22/i3-migrate-config-to-v4 to /home/didier/Téléchargements/i3/package-i3/usr/bin
Installing /home/didier/Téléchargements/i3/i3-4.22/i3-save-tree to /home/didier/Téléchargements/i3/package-i3/usr/bin
Installing /home/didier/Téléchargements/i3/i3-4.22/i3-sensible-editor to /home/didier/Téléchargements/i3/package-i3/usr/bin
Installing /home/didier/Téléchargements/i3/i3-4.22/i3-sensible-pager to /home/didier/Téléchargements/i3/package-i3/usr/bin
Installing /home/didier/Téléchargements/i3/i3-4.22/i3-sensible-terminal to /home/didier/Téléchargements/i3/package-i3/usr/bin
Checking if your kit is complete...
Looks good
Generating a Unix-style Makefile
Writing Makefile for AnyEvent::I3
Writing MYMETA.yml and MYMETA.json
cp lib/AnyEvent/I3.pm blib/lib/AnyEvent/I3.pm
Manifying 1 pod document
PERL_DL_NONLAZY=1 "/usr/bin/perl5.34.0" "-MExtUtils::Command::MM" "-MTest::Harness" "-e" "undef *Test::Harness::Switches; test_harness(0, 'blib/lib', 'blib/arch')" t/*.t
# Testing AnyEvent::I3 0.18, Perl 5.034000, /usr/bin/perl5.34.0
t/00-load.t ........ ok
Calling i3 --get-socketpath failed. Is DISPLAY set and is i3 in your PATH? at /home/didier/Téléchargements/i3/i3-4.22/AnyEvent-I3/blib/lib/AnyEvent/I3.pm line 168.
# Testing AnyEvent::I3 0.18, Perl 5.034000, /usr/bin/perl5.34.0
t/01-workspaces.t .. ok
Calling i3 --get-socketpath failed. Is DISPLAY set and is i3 in your PATH? at /home/didier/Téléchargements/i3/i3-4.22/AnyEvent-I3/blib/lib/AnyEvent/I3.pm line 168.
# Testing AnyEvent::I3 0.18, Perl 5.034000, /usr/bin/perl5.34.0
t/02-sugar.t ....... ok
t/boilerplate.t .... ok
t/manifest.t ....... skipped: Author tests not required for installation
t/pod-coverage.t ... skipped: Test::Pod::Coverage 1.08 required for testing POD coverage
t/pod.t ............ skipped: Test::Pod 1.22 required for testing POD
All tests successful.

Test Summary Report
-------------------
t/boilerplate.t  (Wstat: 0 Tests: 3 Failed: 0)
  TODO passed:   1-3
Files=7, Tests=10,  1 wallclock secs ( 0.02 usr  0.01 sys +  0.38 cusr  0.07 csys =  0.48 CPU)
Result: PASS
Manifying 1 pod document
Installing /home/didier/Téléchargements/i3/package-i3/usr/share/perl5/vendor_perl/AnyEvent/I3.pm
Installing /home/didier/Téléchargements/i3/package-i3/usr/man/man3/AnyEvent::I3.3
Appending installation info to /home/didier/Téléchargements/i3/package-i3/usr/lib64/perl5/perllocal.pod

Slackware package maker, version 3.14159265.

Searching for symbolic links:

No symbolic links were found, so we won't make an installation script.
You can make your own later in ./install/doinst.sh and rebuild the
package if you like.

This next step is optional - you can set the directories in your package
to some sane permissions. If any of the directories in your package have
special permissions, then DO NOT reset them here!

Would you like to reset all directory permissions to 755 (drwxr-xr-x) and
directory ownerships to root.root ([y]es, [n]o)? 
n

Creating Slackware package:  /home/didier/Téléchargements/i3/i3-4.22-x86_64-3slint.txz

./
etc/
etc/X11/
etc/X11/xinit/
etc/X11/xinit/xinitrc.i3
etc/i3/
etc/i3/config.keycodes.new
etc/i3/config.new
install/
install/doinst.sh
install/slack-desc
usr/
usr/bin/
usr/bin/i3
usr/bin/i3-config-wizard
usr/bin/i3-dmenu-desktop
usr/bin/i3-dump-log
usr/bin/i3-input
usr/bin/i3-migrate-config-to-v4
usr/bin/i3-msg
usr/bin/i3-nagbar
usr/bin/i3-save-tree
usr/bin/i3-sensible-editor
usr/bin/i3-sensible-pager
usr/bin/i3-sensible-terminal
usr/bin/i3bar
usr/doc/
usr/doc/i3-4.22/
usr/doc/i3-4.22/AnyEvent-I3/
usr/doc/i3-4.22/AnyEvent-I3/Changes
usr/doc/i3-4.22/AnyEvent-I3/MANIFEST
usr/doc/i3-4.22/AnyEvent-I3/README
usr/doc/i3-4.22/DEPENDS
usr/doc/i3-4.22/LICENSE
usr/doc/i3-4.22/README.Slint
usr/doc/i3-4.22/RELEASE-NOTES-4.22
usr/doc/i3-4.22/html/
usr/doc/i3-4.22/html/bigpicture.png
usr/doc/i3-4.22/html/debugging.html
usr/doc/i3-4.22/html/gaps1920.png
usr/doc/i3-4.22/html/hacking-howto.html
usr/doc/i3-4.22/html/i3-sync-working.png
usr/doc/i3-4.22/html/i3-sync.png
usr/doc/i3-4.22/html/i3bar-protocol.html
usr/doc/i3-4.22/html/ipc.html
usr/doc/i3-4.22/html/keyboard-layer1.png
usr/doc/i3-4.22/html/keyboard-layer2.png
usr/doc/i3-4.22/html/layout-saving-1.png
usr/doc/i3-4.22/html/layout-saving.html
usr/doc/i3-4.22/html/lib-i3test-test.html
usr/doc/i3-4.22/html/lib-i3test.html
usr/doc/i3-4.22/html/logo-30.png
usr/doc/i3-4.22/html/modes.png
usr/doc/i3-4.22/html/multi-monitor.html
usr/doc/i3-4.22/html/refcard.html
usr/doc/i3-4.22/html/refcard_style.css
usr/doc/i3-4.22/html/single_terminal.png
usr/doc/i3-4.22/html/snapping.png
usr/doc/i3-4.22/html/testsuite.html
usr/doc/i3-4.22/html/tree-layout1.png
usr/doc/i3-4.22/html/tree-layout2.png
usr/doc/i3-4.22/html/tree-shot1.png
usr/doc/i3-4.22/html/tree-shot2.png
usr/doc/i3-4.22/html/tree-shot3.png
usr/doc/i3-4.22/html/tree-shot4.png
usr/doc/i3-4.22/html/two_columns.png
usr/doc/i3-4.22/html/two_terminals.png
usr/doc/i3-4.22/html/userguide.html
usr/doc/i3-4.22/html/wsbar.html
usr/doc/i3-4.22/html/wsbar.png
usr/doc/i3-4.22/i3.SlackBuild
usr/doc/i3-4.22/txt/
usr/doc/i3-4.22/txt/bigpicture.asy
usr/doc/i3-4.22/txt/debugging
usr/doc/i3-4.22/txt/hacking-howto
usr/doc/i3-4.22/txt/i3bar-protocol
usr/doc/i3-4.22/txt/ipc
usr/doc/i3-4.22/txt/keyboard-layer1.svg
usr/doc/i3-4.22/txt/keyboard-layer2.svg
usr/doc/i3-4.22/txt/layout-saving
usr/doc/i3-4.22/txt/multi-monitor
usr/doc/i3-4.22/txt/testsuite
usr/doc/i3-4.22/txt/userguide
usr/doc/i3-4.22/txt/wsbar
usr/include/
usr/include/i3/
usr/include/i3/ipc.h
usr/man/
usr/man/man1/
usr/man/man1/i3-config-wizard.1.gz
usr/man/man1/i3-dmenu-desktop.1.gz
usr/man/man1/i3-dump-log.1.gz
usr/man/man1/i3-input.1.gz
usr/man/man1/i3-migrate-config-to-v4.1.gz
usr/man/man1/i3-msg.1.gz
usr/man/man1/i3-nagbar.1.gz
usr/man/man1/i3-save-tree.1.gz
usr/man/man1/i3-sensible-editor.1.gz
usr/man/man1/i3-sensible-pager.1.gz
usr/man/man1/i3-sensible-terminal.1.gz
usr/man/man1/i3.1.gz
usr/man/man1/i3bar.1.gz
usr/man/man3/
usr/man/man3/AnyEvent::I3.3.gz
usr/share/
usr/share/applications/
usr/share/applications/i3.desktop
usr/share/perl5/
usr/share/perl5/vendor_perl/
usr/share/perl5/vendor_perl/AnyEvent/
usr/share/perl5/vendor_perl/AnyEvent/I3.pm
usr/share/xsessions/
usr/share/xsessions/i3.desktop

Slackware package /home/didier/Téléchargements/i3/i3-4.22-x86_64-3slint.txz created.
